<?xml version="1.0" encoding="UTF-8"?>
<testng-results ignored="0" total="1" passed="1" failed="0" skipped="0">
  <reporter-output>
  </reporter-output>
  <suite started-at="2023-08-21T10:02:42 IST" name="Default suite" finished-at="2023-08-21T10:02:42 IST" duration-ms="55">
    <groups>
    </groups>
    <test started-at="2023-08-21T10:02:42 IST" name="Default test" finished-at="2023-08-21T10:02:42 IST" duration-ms="55">
      <class name="Practice.ReadDataFromCMDLineTest">
        <test-method signature="readDataFromCmd()[pri:0, instance:Practice.ReadDataFromCMDLineTest@59662a0b]" started-at="2023-08-21T10:02:42 IST" name="readDataFromCmd" finished-at="2023-08-21T10:02:42 IST" duration-ms="8" status="PASS">
          <reporter-output>
          </reporter-output>
        </test-method> <!-- readDataFromCmd -->
      </class> <!-- Practice.ReadDataFromCMDLineTest -->
    </test> <!-- Default test -->
  </suite> <!-- Default suite -->
</testng-results>
