<?xml version="1.0" encoding="UTF-8"?>
<!-- Generated by org.testng.reporters.JUnitXMLReporter -->
<testsuite ignored="2" hostname="Vicky" failures="0" tests="2" name="Test" time="0.046" errors="0" timestamp="2023-08-21T15:08:01 IST">
  <testcase classname="MavenSuiteFileCmdLine.UserCreation" name="deleteUser" time="0.007"/>
  <testcase classname="MavenSuiteFileCmdLine.AppointmentCreation" name="deleteUser" time="0.001"/>
  <testcase classname="MavenSuiteFileCmdLine.AppointmentCreation" name="createUser" time="0.0">
    <ignored/>
  </testcase> <!-- createUser -->
  <testcase classname="MavenSuiteFileCmdLine.UserCreation" name="createUser" time="0.0">
    <ignored/>
  </testcase> <!-- createUser -->
</testsuite> <!-- Test -->
